<?xml version="1.0" encoding="UTF-8"?>
<testng-results skipped="0" failed="0" ignored="0" total="1" passed="1">
  <reporter-output>
  </reporter-output>
  <suite name="com.qa.test.LoginTest" duration-ms="44" started-at="2021-07-08T08:47:42 IST" finished-at="2021-07-08T08:47:42 IST">
    <groups>
    </groups>
    <test name="Command line test" duration-ms="44" started-at="2021-07-08T08:47:42 IST" finished-at="2021-07-08T08:47:42 IST">
      <class name="com.qa.test.LoginTest">
        <test-method status="PASS" signature="test1()[pri:0, instance:com.qa.test.LoginTest@71423665]" name="test1" duration-ms="5" started-at="2021-07-08T08:47:42 IST" finished-at="2021-07-08T08:47:42 IST">
          <reporter-output>
          </reporter-output>
        </test-method> <!-- test1 -->
      </class> <!-- com.qa.test.LoginTest -->
    </test> <!-- Command line test -->
  </suite> <!-- com.qa.test.LoginTest -->
</testng-results>
