<?xml version="1.0" encoding="UTF-8"?>
<testng-results skipped="0" failed="0" ignored="0" total="1" passed="1">
  <reporter-output>
  </reporter-output>
  <suite name="Suite" duration-ms="61" started-at="2021-07-08T08:44:11 IST" finished-at="2021-07-08T08:44:11 IST">
    <groups>
    </groups>
    <test name="Test" duration-ms="61" started-at="2021-07-08T08:44:11 IST" finished-at="2021-07-08T08:44:11 IST">
      <class name="com.qa.test.LoginTest">
        <test-method status="PASS" signature="test1()[pri:0, instance:com.qa.test.LoginTest@307f6b8c]" name="test1" duration-ms="10" started-at="2021-07-08T08:44:11 IST" finished-at="2021-07-08T08:44:11 IST">
          <reporter-output>
          </reporter-output>
        </test-method> <!-- test1 -->
      </class> <!-- com.qa.test.LoginTest -->
    </test> <!-- Test -->
  </suite> <!-- Suite -->
</testng-results>
